# JRE version: OpenJDK Runtime Environment Temurin-21.0.5+11 (21.0.5+11) (build 21.0.5+11-LTS)
# Java VM: OpenJDK 64-Bit Server VM Temurin-21.0.5+11 (21.0.5+11-LTS, mixed mode, emulated-client, sharing, tiered, compressed oops, compressed class ptrs, g1 gc, windows-amd64)
GC Precious Log:
 CardTable entry size: 512
 Card Set container configuration: InlinePtr #cards 5 size 8 Array Of Cards #cards 12 size 40 Howl #buckets 4 coarsen threshold 1843 Howl Bitmap #cards 512 size 80 coarsen threshold 460 Card regions per heap region 1 cards per card region 2048
 CPUs: 8 total, 8 available
 Memory: 5877M
 Large Page Support: Disabled
 NUMA Support: Disabled
 Compressed Oops: Enabled (32-bit)
 Heap Region Size: 1M
 Heap Min Capacity: 8M
 Heap Initial Capacity: 92M
 Heap Max Capacity: 1470M
 Pre-touch: Disabled
 Parallel Workers: 8
 Concurrent Workers: 2
 Concurrent Refinement Workers: 8
 Periodic GC: Disabled
Heap:
 garbage-first heap   total 55296K, used 22833K [0x00000000a4200000, 0x0000000100000000)
  region size 1024K, 2 young (2048K), 2 survivors (2048K)
 Metaspace       used 35392K, committed 35968K, reserved 1114112K
  class space    used 4788K, committed 5056K, reserved 1048576K
GC Heap History (13 events):
Event: 1.201 GC heap before
{Heap before GC invocations=0 (full 0):
 garbage-first heap   total 94208K, used 24576K [0x00000000a4200000, 0x0000000100000000)
  region size 1024K, 23 young (23552K), 0 survivors (0K)
 Metaspace       used 7133K, committed 7424K, reserved 1114112K
  class space    used 868K, committed 1024K, reserved 1048576K
}
Event: 1.210 GC heap after
{Heap after GC invocations=1 (full 0):
 garbage-first heap   total 94208K, used 9216K [0x00000000a4200000, 0x0000000100000000)
  region size 1024K, 3 young (3072K), 3 survivors (3072K)
 Metaspace       used 7133K, committed 7424K, reserved 1114112K
  class space    used 868K, committed 1024K, reserved 1048576K
}
Event: 1.828 GC heap before
{Heap before GC invocations=1 (full 0):
 garbage-first heap   total 94208K, used 35840K [0x00000000a4200000, 0x0000000100000000)
  region size 1024K, 29 young (29696K), 3 survivors (3072K)
 Metaspace       used 13356K, committed 13696K, reserved 1114112K
  class space    used 1756K, committed 1920K, reserved 1048576K
}
Event: 1.847 GC heap after
{Heap after GC invocations=2 (full 0):
 garbage-first heap   total 94208K, used 11630K [0x00000000a4200000, 0x0000000100000000)
  region size 1024K, 2 young (2048K), 2 survivors (2048K)
 Metaspace       used 13356K, committed 13696K, reserved 1114112K
  class space    used 1756K, committed 1920K, reserved 1048576K
}
Event: 2.771 GC heap before
{Heap before GC invocations=2 (full 0):
 garbage-first heap   total 94208K, used 52590K [0x00000000a4200000, 0x0000000100000000)
  region size 1024K, 44 young (45056K), 2 survivors (2048K)
 Metaspace       used 21167K, committed 21504K, reserved 1114112K
  class space    used 2723K, committed 2880K, reserved 1048576K
}
Event: 2.779 GC heap after
{Heap after GC invocations=3 (full 0):
 garbage-first heap   total 94208K, used 15726K [0x00000000a4200000, 0x0000000100000000)
  region size 1024K, 6 young (6144K), 6 survivors (6144K)
 Metaspace       used 21167K, committed 21504K, reserved 1114112K
  class space    used 2723K, committed 2880K, reserved 1048576K
}
Event: 3.511 GC heap before
{Heap before GC invocations=4 (full 0):
 garbage-first heap   total 55296K, used 42350K [0x00000000a4200000, 0x0000000100000000)
  region size 1024K, 32 young (32768K), 6 survivors (6144K)
 Metaspace       used 25230K, committed 25600K, reserved 1114112K
  class space    used 3294K, committed 3456K, reserved 1048576K
}
Event: 3.536 GC heap after
{Heap after GC invocations=5 (full 0):
 garbage-first heap   total 55296K, used 17581K [0x00000000a4200000, 0x0000000100000000)
  region size 1024K, 3 young (3072K), 3 survivors (3072K)
 Metaspace       used 25230K, committed 25600K, reserved 1114112K
  class space    used 3294K, committed 3456K, reserved 1048576K
}
Event: 4.251 GC heap before
{Heap before GC invocations=5 (full 0):
 garbage-first heap   total 55296K, used 40109K [0x00000000a4200000, 0x0000000100000000)
  region size 1024K, 26 young (26624K), 3 survivors (3072K)
 Metaspace       used 28776K, committed 29312K, reserved 1114112K
  class space    used 3892K, committed 4096K, reserved 1048576K
}
Event: 4.258 GC heap after
{Heap after GC invocations=6 (full 0):
 garbage-first heap   total 55296K, used 18981K [0x00000000a4200000, 0x0000000100000000)
  region size 1024K, 2 young (2048K), 2 survivors (2048K)
 Metaspace       used 28776K, committed 29312K, reserved 1114112K
  class space    used 3892K, committed 4096K, reserved 1048576K
}
Event: 4.784 GC heap before
{Heap before GC invocations=6 (full 0):
 garbage-first heap   total 55296K, used 43557K [0x00000000a4200000, 0x0000000100000000)
  region size 1024K, 26 young (26624K), 2 survivors (2048K)
 Metaspace       used 32237K, committed 32768K, reserved 1114112K
  class space    used 4393K, committed 4672K, reserved 1048576K
}
Event: 4.792 GC heap after
{Heap after GC invocations=7 (full 0):
 garbage-first heap   total 55296K, used 21504K [0x00000000a4200000, 0x0000000100000000)
  region size 1024K, 4 young (4096K), 4 survivors (4096K)
 Metaspace       used 32237K, committed 32768K, reserved 1114112K
  class space    used 4393K, committed 4672K, reserved 1048576K
}
Event: 5.251 GC heap before
{Heap before GC invocations=7 (full 0):
 garbage-first heap   total 55296K, used 40960K [0x00000000a4200000, 0x0000000100000000)
  region size 1024K, 24 young (24576K), 4 survivors (4096K)
 Metaspace       used 35392K, committed 35968K, reserved 1114112K
  class space    used 4788K, committed 5056K, reserved 1048576K
}

